Arguments: 
  C:\Program Files\nodejs\node.exe C:\Users\S\AppData\Roaming\npm\node_modules\yarn\bin\yarn.js install

PATH: 
  C:\Program Files\ImageMagick-7.1.0-Q16-HDRI;C:\Windows\system32;C:\Windows;C:\Windows\System32\Wbem;C:\Windows\System32\WindowsPowerShell\v1.0\;C:\Windows\System32\OpenSSH\;C:\xampp\php;C:\ProgramData\ComposerSetup\bin;C:\Program Files\Git\cmd;C:\Users\S\AppData\Roaming\npm\node_modules\yarn\;C:\Program Files\PuTTY\;C:\Program Files\nodejs\;C:\Users\S\AppData\Local\Microsoft\WindowsApps;C:\Users\S\AppData\Local\Programs\Microsoft VS Code\bin;C:\Users\S\AppData\Roaming\Composer\vendor\bin;C:\Users\S\AppData\Local\GitHubDesktop\bin;C:\Users\S\AppData\Roaming\npm\node_modules\yarn;C:\Users\S\AppData\Roaming\npm

Yarn version: 
  1.22.10

Node version: 
  14.17.5

Platform: 
  win32 x64

Trace: 
  SyntaxError: D:\Richard\greenhouse-uikit\package.json: Unexpected token } in JSON at position 1757
      at JSON.parse (<anonymous>)
      at C:\Users\S\AppData\Roaming\npm\node_modules\yarn\lib\cli.js:1625:59
      at Generator.next (<anonymous>)
      at step (C:\Users\S\AppData\Roaming\npm\node_modules\yarn\lib\cli.js:310:30)
      at C:\Users\S\AppData\Roaming\npm\node_modules\yarn\lib\cli.js:321:13

npm manifest: 
  {
    "name": "@pancakeswap/uikit",
    "version": "0.50.1",
    "description": "Set of UI components for pancake projects",
    "main": "dist/index.cjs.js",
    "module": "dist/index.esm.js",
    "types": "dist/index.d.ts",
    "files": [
      "dist"
    ],
    "repository": "https://github.com/pancakeswap/pancake-toolkit/tree/master/packages/pancake-uikit",
    "license": "MIT",
    "scripts": {
      "build": "rollup -c && tsc -d --emitDeclarationOnly --declarationDir dist",
      "lint": "eslint 'src/**/*.{js,jsx,ts,tsx}'",
      "format": "prettier --write 'src/**/*.{js,jsx,ts,tsx}'",
      "storybook": "start-storybook -p 6006",
      "build-storybook": "build-storybook",
      "test": "jest",
      "release": "yarn build && np"
    },
    "jest": {
      "setupFilesAfterEnv": [
        "<rootDir>/src/setupTests.js"
      ]
    },
    "devDependencies": {
      "@rollup/plugin-typescript": "^8.2.5",
      "@testing-library/jest-dom": "^5.11.6",
      "@testing-library/react": "^11.2.5",
      "@types/react-dom": "^17.0.5",
      "@types/react-router-dom": "^5.1.8",
      "@types/react-transition-group": "^4.4.2",
      "@types/styled-components": "^5.1.12",
      "jest-styled-components": "^7.0.3",
      "react": "^17.0.1",
      "react-dom": "^17.0.1",
      "react-router-dom": "^5.2.0",
      "rollup": "^2.38.4",
      "styled-components": "^5.2.0",
      "tslib": "^2.3.1",
      "typescript": "^4.4.3"
    },
    "peerDependencies": {
      "react": "^17.0.2",
      "react-dom": "^17.0.2",
      "react-router-dom": "^5.2.0",
      "styled-components": "^5.2.3"
    },
    "dependencies": {
      "@popperjs/core": "^2.9.2",
      "@rollup/plugin-url": "^6.1.0",
      "@types/lodash": "^4.14.168",
      "@types/styled-system": "^5.1.10",
      "lodash": "^4.17.20",
      "react-popper": "^2.2.5",
      "styled-system": "^5.1.5",
    },
    "publishConfig": {
      "access": "public"
    }
  }

yarn manifest: 
  No manifest

Lockfile: 
  # THIS IS AN AUTOGENERATED FILE. DO NOT EDIT THIS FILE DIRECTLY.
  # yarn lockfile v1
  
  
  "@babel/code-frame@^7.10.4", "@babel/code-frame@^7.14.5":
    version "7.14.5"
    resolved "https://registry.yarnpkg.com/@babel/code-frame/-/code-frame-7.14.5.tgz#23b08d740e83f49c5e59945fbf1b43e80bbf4edb"
    integrity sha512-9pzDqyc6OLDaqe+zbACgFkb6fKMNG6CObKpnYXChRsvYGyEdc7CA2BaqeOM+vOtCS5ndmJicPJhKAwYRI6UfFw==
    dependencies:
      "@babel/highlight" "^7.14.5"
  
  "@babel/generator@^7.15.4":
    version "7.15.4"
    resolved "https://registry.yarnpkg.com/@babel/generator/-/generator-7.15.4.tgz#85acb159a267ca6324f9793986991ee2022a05b0"
    integrity sha512-d3itta0tu+UayjEORPNz6e1T3FtvWlP5N4V5M+lhp/CxT4oAA7/NcScnpRyspUMLK6tu9MNHmQHxRykuN2R7hw==
    dependencies:
      "@babel/types" "^7.15.4"
      jsesc "^2.5.1"
      source-map "^0.5.0"
  
  "@babel/helper-annotate-as-pure@^7.0.0":
    version "7.15.4"
    resolved "https://registry.yarnpkg.com/@babel/helper-annotate-as-pure/-/helper-annotate-as-pure-7.15.4.tgz#3d0e43b00c5e49fdb6c57e421601a7a658d5f835"
    integrity sha512-QwrtdNvUNsPCj2lfNQacsGSQvGX8ee1ttrBrcozUP2Sv/jylewBP/8QFe6ZkBsC8T/GYWonNAWJV4aRR9AL2DA==
    dependencies:
      "@babel/types" "^7.15.4"
  
  "@babel/helper-function-name@^7.15.4":
    version "7.15.4"
    resolved "https://registry.yarnpkg.com/@babel/helper-function-name/-/helper-function-name-7.15.4.tgz#845744dafc4381a4a5fb6afa6c3d36f98a787ebc"
    integrity sha512-Z91cOMM4DseLIGOnog+Z8OI6YseR9bua+HpvLAQ2XayUGU+neTtX+97caALaLdyu53I/fjhbeCnWnRH1O3jFOw==
    dependencies:
      "@babel/helper-get-function-arity" "^7.15.4"
      "@babel/template" "^7.15.4"
      "@babel/types" "^7.15.4"
  
  "@babel/helper-get-function-arity@^7.15.4":
    version "7.15.4"
    resolved "https://registry.yarnpkg.com/@babel/helper-get-function-arity/-/helper-get-function-arity-7.15.4.tgz#098818934a137fce78b536a3e015864be1e2879b"
    integrity sha512-1/AlxSF92CmGZzHnC515hm4SirTxtpDnLEJ0UyEMgTMZN+6bxXKg04dKhiRx5Enel+SUA1G1t5Ed/yQia0efrA==
    dependencies:
      "@babel/types" "^7.15.4"
  
  "@babel/helper-hoist-variables@^7.15.4":
    version "7.15.4"
    resolved "https://registry.yarnpkg.com/@babel/helper-hoist-variables/-/helper-hoist-variables-7.15.4.tgz#09993a3259c0e918f99d104261dfdfc033f178df"
    integrity sha512-VTy085egb3jUGVK9ycIxQiPbquesq0HUQ+tPO0uv5mPEBZipk+5FkRKiWq5apuyTE9FUrjENB0rCf8y+n+UuhA==
    dependencies:
      "@babel/types" "^7.15.4"
  
  "@babel/helper-module-imports@^7.0.0":
    version "7.15.4"
    resolved "https://registry.yarnpkg.com/@babel/helper-module-imports/-/helper-module-imports-7.15.4.tgz#e18007d230632dea19b47853b984476e7b4e103f"
    integrity sha512-jeAHZbzUwdW/xHgHQ3QmWR4Jg6j15q4w/gCfwZvtqOxoo5DKtLHk8Bsf4c5RZRC7NmLEs+ohkdq8jFefuvIxAA==
    dependencies:
      "@babel/types" "^7.15.4"
  
  "@babel/helper-split-export-declaration@^7.15.4":
    version "7.15.4"
    resolved "https://registry.yarnpkg.com/@babel/helper-split-export-declaration/-/helper-split-export-declaration-7.15.4.tgz#aecab92dcdbef6a10aa3b62ab204b085f776e257"
    integrity sha512-HsFqhLDZ08DxCpBdEVtKmywj6PQbwnF6HHybur0MAnkAKnlS6uHkwnmRIkElB2Owpfb4xL4NwDmDLFubueDXsw==
    dependencies:
      "@babel/types" "^7.15.4"
  
  "@babel/helper-validator-identifier@^7.14.5", "@babel/helper-validator-identifier@^7.14.9":
    version "7.15.7"
    resolved "https://registry.yarnpkg.com/@babel/helper-validator-identifier/-/helper-validator-identifier-7.15.7.tgz#220df993bfe904a4a6b02ab4f3385a5ebf6e2389"
    integrity sha512-K4JvCtQqad9OY2+yTU8w+E82ywk/fe+ELNlt1G8z3bVGlZfn/hOcQQsUhGhW/N+tb3fxK800wLtKOE/aM0m72w==
  
  "@babel/highlight@^7.14.5":
    version "7.14.5"
    resolved "https://registry.yarnpkg.com/@babel/highlight/-/highlight-7.14.5.tgz#6861a52f03966405001f6aa534a01a24d99e8cd9"
    integrity sha512-qf9u2WFWVV0MppaL877j2dBtQIDgmidgjGk5VIMw3OadXvYaXn66U1BFlH2t4+t3i+8PhedppRv+i40ABzd+gg==
    dependencies:
      "@babel/helper-validator-identifier" "^7.14.5"
      chalk "^2.0.0"
      js-tokens "^4.0.0"
  
  "@babel/parser@^7.15.4":
    version "7.15.7"
    resolved "https://registry.yarnpkg.com/@babel/parser/-/parser-7.15.7.tgz#0c3ed4a2eb07b165dfa85b3cc45c727334c4edae"
    integrity sha512-rycZXvQ+xS9QyIcJ9HXeDWf1uxqlbVFAUq0Rq0dbc50Zb/+wUe/ehyfzGfm9KZZF0kBejYgxltBXocP+gKdL2g==
  
  "@babel/runtime-corejs3@^7.10.2":
    version "7.15.4"
    resolved "https://registry.yarnpkg.com/@babel/runtime-corejs3/-/runtime-corejs3-7.15.4.tgz#403139af262b9a6e8f9ba04a6fdcebf8de692bf1"
    integrity sha512-lWcAqKeB624/twtTc3w6w/2o9RqJPaNBhPGK6DKLSiwuVWC7WFkypWyNg+CpZoyJH0jVzv1uMtXZ/5/lQOLtCg==
    dependencies:
      core-js-pure "^3.16.0"
      regenerator-runtime "^0.13.4"
  
  "@babel/runtime@^7.1.2", "@babel/runtime@^7.10.2", "@babel/runtime@^7.12.1", "@babel/runtime@^7.12.13", "@babel/runtime@^7.12.5", "@babel/runtime@^7.9.2":
    version "7.15.4"
    resolved "https://registry.yarnpkg.com/@babel/runtime/-/runtime-7.15.4.tgz#fd17d16bfdf878e6dd02d19753a39fa8a8d9c84a"
    integrity sha512-99catp6bHCaxr4sJ/DbTGgHS4+Rs2RVd2g7iOap6SLGPDknRK9ztKNsE/Fg6QhSeh1FGE5f6gHGQmvvn3I3xhw==
    dependencies:
      regenerator-runtime "^0.13.4"
  
  "@babel/template@^7.15.4":
    version "7.15.4"
    resolved "https://registry.yarnpkg.com/@babel/template/-/template-7.15.4.tgz#51898d35dcf3faa670c4ee6afcfd517ee139f194"
    integrity sha512-UgBAfEa1oGuYgDIPM2G+aHa4Nlo9Lh6mGD2bDBGMTbYnc38vulXPuC1MGjYILIEmlwl6Rd+BPR9ee3gm20CBtg==
    dependencies:
      "@babel/code-frame" "^7.14.5"
      "@babel/parser" "^7.15.4"
      "@babel/types" "^7.15.4"
  
  "@babel/traverse@^7.4.5":
    version "7.15.4"
    resolved "https://registry.yarnpkg.com/@babel/traverse/-/traverse-7.15.4.tgz#ff8510367a144bfbff552d9e18e28f3e2889c22d"
    integrity sha512-W6lQD8l4rUbQR/vYgSuCAE75ADyyQvOpFVsvPPdkhf6lATXAsQIG9YdtOcu8BB1dZ0LKu+Zo3c1wEcbKeuhdlA==
    dependencies:
      "@babel/code-frame" "^7.14.5"
      "@babel/generator" "^7.15.4"
      "@babel/helper-function-name" "^7.15.4"
      "@babel/helper-hoist-variables" "^7.15.4"
      "@babel/helper-split-export-declaration" "^7.15.4"
      "@babel/parser" "^7.15.4"
      "@babel/types" "^7.15.4"
      debug "^4.1.0"
      globals "^11.1.0"
  
  "@babel/types@^7.15.4":
    version "7.15.6"
    resolved "https://registry.yarnpkg.com/@babel/types/-/types-7.15.6.tgz#99abdc48218b2881c058dd0a7ab05b99c9be758f"
    integrity sha512-BPU+7QhqNjmWyDO0/vitH/CuhpV8ZmK1wpKva8nuyNF5MJfuRNWMc+hc14+u9xT93kvykMdncrJT19h74uB1Ig==
    dependencies:
      "@babel/helper-validator-identifier" "^7.14.9"
      to-fast-properties "^2.0.0"
  
  "@emotion/is-prop-valid@^0.8.8":
    version "0.8.8"
    resolved "https://registry.yarnpkg.com/@emotion/is-prop-valid/-/is-prop-valid-0.8.8.tgz#db28b1c4368a259b60a97311d6a952d4fd01ac1a"
    integrity sha512-u5WtneEAr5IDG2Wv65yhunPSMLIpuKsbuOktRojfrEiEvRyC85LgPMZI63cr7NUqT8ZIGdSVg8ZKGxIug4lXcA==
    dependencies:
      "@emotion/memoize" "0.7.4"
  
  "@emotion/memoize@0.7.4":
    version "0.7.4"
    resolved "https://registry.yarnpkg.com/@emotion/memoize/-/memoize-0.7.4.tgz#19bf0f5af19149111c40d98bb0cf82119f5d9eeb"
    integrity sha512-Ja/Vfqe3HpuzRsG1oBtWTHk2PGZ7GR+2Vz5iYGelAw8dx32K0y7PjVuxK6z1nMpZOqAFsRUPCkK1YjJ56qJlgw==
  
  "@emotion/stylis@^0.8.4":
    version "0.8.5"
    resolved "https://registry.yarnpkg.com/@emotion/stylis/-/stylis-0.8.5.tgz#deacb389bd6ee77d1e7fcaccce9e16c5c7e78e04"
    integrity sha512-h6KtPihKFn3T9fuIrwvXXUOwlx3rfUvfZIcP5a6rh8Y7zjE3O06hT5Ss4S/YI1AYhuZ1kjaE/5EaOOI2NqSylQ==
  
  "@emotion/unitless@^0.7.4":
    version "0.7.5"
    resolved "https://registry.yarnpkg.com/@emotion/unitless/-/unitless-0.7.5.tgz#77211291c1900a700b8a78cfafda3160d76949ed"
    integrity sha512-OWORNpfjMsSSUBVrRBVGECkhWcULOAJz9ZW8uK9qgxD+87M7jHRcvh/A96XXNhXTLmKcoYSQtBEX7lHMO7YRwg==
  
  "@jest/types@^26.6.2":
    version "26.6.2"
    resolved "https://registry.yarnpkg.com/@jest/types/-/types-26.6.2.tgz#bef5a532030e1d88a2f5a6d933f84e97226ed48e"
    integrity sha512-fC6QCp7Sc5sX6g8Tvbmj4XUTbyrik0akgRy03yjXbQaBWWNWGE7SGtJk98m0N8nzegD/7SggrUlivxo5ax4KWQ==
    dependencies:
      "@types/istanbul-lib-coverage" "^2.0.0"
      "@types/istanbul-reports" "^3.0.0"
      "@types/node" "*"
      "@types/yargs" "^15.0.0"
      chalk "^4.0.0"
  
  "@jest/types@^27.1.1":
    version "27.1.1"
    resolved "https://registry.yarnpkg.com/@jest/types/-/types-27.1.1.tgz#77a3fc014f906c65752d12123a0134359707c0ad"
    integrity sha512-yqJPDDseb0mXgKqmNqypCsb85C22K1aY5+LUxh7syIM9n/b0AsaltxNy+o6tt29VcfGDpYEve175bm3uOhcehA==
    dependencies:
      "@types/istanbul-lib-coverage" "^2.0.0"
      "@types/istanbul-reports" "^3.0.0"
      "@types/node" "*"
      "@types/yargs" "^16.0.0"
      chalk "^4.0.0"
  
  "@popperjs/core@^2.9.2":
    version "2.10.1"
    resolved "https://registry.yarnpkg.com/@popperjs/core/-/core-2.10.1.tgz#728ecd95ab207aab8a9a4e421f0422db329232be"
    integrity sha512-HnUhk1Sy9IuKrxEMdIRCxpIqPw6BFsbYSEUO9p/hNw5sMld/+3OLMWQP80F8/db9qsv3qUjs7ZR5bS/R+iinXw==
  
  "@rollup/plugin-typescript@^8.2.5":
    version "8.2.5"
    resolved "https://registry.yarnpkg.com/@rollup/plugin-typescript/-/plugin-typescript-8.2.5.tgz#e0319761b2b5105615e5a0c371ae05bc2984b7de"
    integrity sha512-QL/LvDol/PAGB2O0S7/+q2HpSUNodpw7z6nGn9BfoVCPOZ0r4EALrojFU29Bkoi2Hr2jgTocTejJ5GGWZfOxbQ==
    dependencies:
      "@rollup/pluginutils" "^3.1.0"
      resolve "^1.17.0"
  
  "@rollup/plugin-url@^6.1.0":
    version "6.1.0"
    resolved "https://registry.yarnpkg.com/@rollup/plugin-url/-/plugin-url-6.1.0.tgz#1234bba9aa30b5972050bdfcf8fcbb1cb8070465"
    integrity sha512-FJNWBnBB7nLzbcaGmu1no+U/LlRR67TtgfRFP+VEKSrWlDTE6n9jMns/N4Q/VL6l4x6kTHQX4HQfwTcldaAfHQ==
    dependencies:
      "@rollup/pluginutils" "^3.1.0"
      make-dir "^3.1.0"
      mime "^2.4.6"
  
  "@rollup/pluginutils@^3.1.0":
    version "3.1.0"
    resolved "https://registry.yarnpkg.com/@rollup/pluginutils/-/pluginutils-3.1.0.tgz#706b4524ee6dc8b103b3c995533e5ad680c02b9b"
    integrity sha512-GksZ6pr6TpIjHm8h9lSQ8pi8BE9VeubNT0OMJ3B5uZJ8pz73NPiqOtCog/x2/QzM1ENChPKxMDhiQuRHsqc+lg==
    dependencies:
      "@types/estree" "0.0.39"
      estree-walker "^1.0.1"
      picomatch "^2.2.2"
  
  "@styled-system/background@^5.1.2":
    version "5.1.2"
    resolved "https://registry.yarnpkg.com/@styled-system/background/-/background-5.1.2.tgz#75c63d06b497ab372b70186c0bf608d62847a2ba"
    integrity sha512-jtwH2C/U6ssuGSvwTN3ri/IyjdHb8W9X/g8Y0JLcrH02G+BW3OS8kZdHphF1/YyRklnrKrBT2ngwGUK6aqqV3A==
    dependencies:
      "@styled-system/core" "^5.1.2"
  
  "@styled-system/border@^5.1.5":
    version "5.1.5"
    resolved "https://registry.yarnpkg.com/@styled-system/border/-/border-5.1.5.tgz#0493d4332d2b59b74bb0d57d08c73eb555761ba6"
    integrity sha512-JvddhNrnhGigtzWRCVuAHepniyVi6hBlimxWDVAdcTuk7aRn9BYJUwfHslURtwYFsF5FoEs8Zmr1oZq2M1AP0A==
    dependencies:
      "@styled-system/core" "^5.1.2"
  
  "@styled-system/color@^5.1.2":
    version "5.1.2"
    resolved "https://registry.yarnpkg.com/@styled-system/color/-/color-5.1.2.tgz#b8d6b4af481faabe4abca1a60f8daa4ccc2d9f43"
    integrity sha512-1kCkeKDZkt4GYkuFNKc7vJQMcOmTl3bJY3YBUs7fCNM6mMYJeT1pViQ2LwBSBJytj3AB0o4IdLBoepgSgGl5MA==
    dependencies:
      "@styled-system/core" "^5.1.2"
  
  "@styled-system/core@^5.1.2":
    version "5.1.2"
    resolved "https://registry.yarnpkg.com/@styled-system/core/-/core-5.1.2.tgz#b8b7b86455d5a0514f071c4fa8e434b987f6a772"
    integrity sha512-XclBDdNIy7OPOsN4HBsawG2eiWfCcuFt6gxKn1x4QfMIgeO6TOlA2pZZ5GWZtIhCUqEPTgIBta6JXsGyCkLBYw==
    dependencies:
      object-assign "^4.1.1"
  
  "@styled-system/css@^5.1.5":
    version "5.1.5"
    resolved "https://registry.yarnpkg.com/@styled-system/css/-/css-5.1.5.tgz#0460d5f3ff962fa649ea128ef58d9584f403bbbc"
    integrity sha512-XkORZdS5kypzcBotAMPBoeckDs9aSZVkvrAlq5K3xP8IMAUek+x2O4NtwoSgkYkWWzVBu6DGdFZLR790QWGG+A==
  
  "@styled-system/flexbox@^5.1.2":
    version "5.1.2"
    resolved "https://registry.yarnpkg.com/@styled-system/flexbox/-/flexbox-5.1.2.tgz#077090f43f61c3852df63da24e4108087a8beecf"
    integrity sha512-6hHV52+eUk654Y1J2v77B8iLeBNtc+SA3R4necsu2VVinSD7+XY5PCCEzBFaWs42dtOEDIa2lMrgL0YBC01mDQ==
    dependencies:
      "@styled-system/core" "^5.1.2"
  
  "@styled-system/grid@^5.1.2":
    version "5.1.2"
    resolved "https://registry.yarnpkg.com/@styled-system/grid/-/grid-5.1.2.tgz#7165049877732900b99cd00759679fbe45c6c573"
    integrity sha512-K3YiV1KyHHzgdNuNlaw8oW2ktMuGga99o1e/NAfTEi5Zsa7JXxzwEnVSDSBdJC+z6R8WYTCYRQC6bkVFcvdTeg==
    dependencies:
      "@styled-system/core" "^5.1.2"
  
  "@styled-system/layout@^5.1.2":
    version "5.1.2"
    resolved "https://registry.yarnpkg.com/@styled-system/layout/-/layout-5.1.2.tgz#12d73e79887e10062f4dbbbc2067462eace42339"
    integrity sha512-wUhkMBqSeacPFhoE9S6UF3fsMEKFv91gF4AdDWp0Aym1yeMPpqz9l9qS/6vjSsDPF7zOb5cOKC3tcKKOMuDCPw==
    dependencies:
      "@styled-system/core" "^5.1.2"
  
  "@styled-system/position@^5.1.2":
    version "5.1.2"
    resolved "https://registry.yarnpkg.com/@styled-system/position/-/position-5.1.2.tgz#56961266566836f57a24d8e8e33ce0c1adb59dd3"
    integrity sha512-60IZfMXEOOZe3l1mCu6sj/2NAyUmES2kR9Kzp7s2D3P4qKsZWxD1Se1+wJvevb+1TP+ZMkGPEYYXRyU8M1aF5A==
    dependencies:
      "@styled-system/core" "^5.1.2"
  
  "@styled-system/shadow@^5.1.2":
    version "5.1.2"
    resolved "https://registry.yarnpkg.com/@styled-system/shadow/-/shadow-5.1.2.tgz#beddab28d7de03cd0177a87ac4ed3b3b6d9831fd"
    integrity sha512-wqniqYb7XuZM7K7C0d1Euxc4eGtqEe/lvM0WjuAFsQVImiq6KGT7s7is+0bNI8O4Dwg27jyu4Lfqo/oIQXNzAg==
    dependencies:
      "@styled-system/core" "^5.1.2"
  
  "@styled-system/space@^5.1.2":
    version "5.1.2"
    resolved "https://registry.yarnpkg.com/@styled-system/space/-/space-5.1.2.tgz#38925d2fa29a41c0eb20e65b7c3efb6e8efce953"
    integrity sha512-+zzYpR8uvfhcAbaPXhH8QgDAV//flxqxSjHiS9cDFQQUSznXMQmxJegbhcdEF7/eNnJgHeIXv1jmny78kipgBA==
    dependencies:
      "@styled-system/core" "^5.1.2"
  
  "@styled-system/typography@^5.1.2":
    version "5.1.2"
    resolved "https://registry.yarnpkg.com/@styled-system/typography/-/typography-5.1.2.tgz#65fb791c67d50cd2900d234583eaacdca8c134f7"
    integrity sha512-BxbVUnN8N7hJ4aaPOd7wEsudeT7CxarR+2hns8XCX1zp0DFfbWw4xYa/olA0oQaqx7F1hzDg+eRaGzAJbF+jOg==
    dependencies:
      "@styled-system/core" "^5.1.2"
  
  "@styled-system/variant@^5.1.5":
    version "5.1.5"
    resolved "https://registry.yarnpkg.com/@styled-system/variant/-/variant-5.1.5.tgz#8446d8aad06af3a4c723d717841df2dbe4ddeafd"
    integrity sha512-Yn8hXAFoWIro8+Q5J8YJd/mP85Teiut3fsGVR9CAxwgNfIAiqlYxsk5iHU7VHJks/0KjL4ATSjmbtCDC/4l1qw==
    dependencies:
      "@styled-system/core" "^5.1.2"
      "@styled-system/css" "^5.1.5"
  
  "@testing-library/dom@^7.28.1":
    version "7.31.2"
    resolved "https://registry.yarnpkg.com/@testing-library/dom/-/dom-7.31.2.tgz#df361db38f5212b88555068ab8119f5d841a8c4a"
    integrity sha512-3UqjCpey6HiTZT92vODYLPxTBWlM8ZOOjr3LX5F37/VRipW2M1kX6I/Cm4VXzteZqfGfagg8yXywpcOgQBlNsQ==
    dependencies:
      "@babel/code-frame" "^7.10.4"
      "@babel/runtime" "^7.12.5"
      "@types/aria-query" "^4.2.0"
      aria-query "^4.2.2"
      chalk "^4.1.0"
      dom-accessibility-api "^0.5.6"
      lz-string "^1.4.4"
      pretty-format "^26.6.2"
  
  "@testing-library/jest-dom@^5.11.6":
    version "5.14.1"
    resolved "https://registry.yarnpkg.com/@testing-library/jest-dom/-/jest-dom-5.14.1.tgz#8501e16f1e55a55d675fe73eecee32cdaddb9766"
    integrity sha512-dfB7HVIgTNCxH22M1+KU6viG5of2ldoA5ly8Ar8xkezKHKXjRvznCdbMbqjYGgO2xjRbwnR+rR8MLUIqF3kKbQ==
    dependencies:
      "@babel/runtime" "^7.9.2"
      "@types/testing-library__jest-dom" "^5.9.1"
      aria-query "^4.2.2"
      chalk "^3.0.0"
      css "^3.0.0"
      css.escape "^1.5.1"
      dom-accessibility-api "^0.5.6"
      lodash "^4.17.15"
      redent "^3.0.0"
  
  "@testing-library/react@^11.2.5":
    version "11.2.7"
    resolved "https://registry.yarnpkg.com/@testing-library/react/-/react-11.2.7.tgz#b29e2e95c6765c815786c0bc1d5aed9cb2bf7818"
    integrity sha512-tzRNp7pzd5QmbtXNG/mhdcl7Awfu/Iz1RaVHY75zTdOkmHCuzMhRL83gWHSgOAcjS3CCbyfwUHMZgRJb4kAfpA==
    dependencies:
      "@babel/runtime" "^7.12.5"
      "@testing-library/dom" "^7.28.1"
  
  "@types/aria-query@^4.2.0":
    version "4.2.2"
    resolved "https://registry.yarnpkg.com/@types/aria-query/-/aria-query-4.2.2.tgz#ed4e0ad92306a704f9fb132a0cfcf77486dbe2bc"
    integrity sha512-HnYpAE1Y6kRyKM/XkEuiRQhTHvkzMBurTHnpFLYLBGPIylZNPs9jJcuOOYWxPLJCSEtmZT0Y8rHDokKN7rRTig==
  
  "@types/estree@0.0.39":
    version "0.0.39"
    resolved "https://registry.yarnpkg.com/@types/estree/-/estree-0.0.39.tgz#e177e699ee1b8c22d23174caaa7422644389509f"
    integrity sha512-EYNwp3bU+98cpU4lAWYYL7Zz+2gryWH1qbdDTidVd6hkiR6weksdbMadyXKXNPEkQFhXM+hVO9ZygomHXp+AIw==
  
  "@types/istanbul-lib-coverage@*", "@types/istanbul-lib-coverage@^2.0.0":
    version "2.0.3"
    resolved "https://registry.yarnpkg.com/@types/istanbul-lib-coverage/-/istanbul-lib-coverage-2.0.3.tgz#4ba8ddb720221f432e443bd5f9117fd22cfd4762"
    integrity sha512-sz7iLqvVUg1gIedBOvlkxPlc8/uVzyS5OwGz1cKjXzkl3FpL3al0crU8YGU1WoHkxn0Wxbw5tyi6hvzJKNzFsw==
  
  "@types/istanbul-lib-report@*":
    version "3.0.0"
    resolved "https://registry.yarnpkg.com/@types/istanbul-lib-report/-/istanbul-lib-report-3.0.0.tgz#c14c24f18ea8190c118ee7562b7ff99a36552686"
    integrity sha512-plGgXAPfVKFoYfa9NpYDAkseG+g6Jr294RqeqcqDixSbU34MZVJRi/P+7Y8GDpzkEwLaGZZOpKIEmeVZNtKsrg==
    dependencies:
      "@types/istanbul-lib-coverage" "*"
  
  "@types/istanbul-reports@^3.0.0":
    version "3.0.1"
    resolved "https://registry.yarnpkg.com/@types/istanbul-reports/-/istanbul-reports-3.0.1.tgz#9153fe98bba2bd565a63add9436d6f0d7f8468ff"
    integrity sha512-c3mAZEuK0lvBp8tmuL74XRKn1+y2dcwOUpH7x4WrF6gk1GIgiluDRgMYQtw2OFcBvAJWlt6ASU3tSqxp0Uu0Aw==
    dependencies:
      "@types/istanbul-lib-report" "*"
  
  "@types/jest@*":
    version "27.0.2"
    resolved "https://registry.yarnpkg.com/@types/jest/-/jest-27.0.2.tgz#ac383c4d4aaddd29bbf2b916d8d105c304a5fcd7"
    integrity sha512-4dRxkS/AFX0c5XW6IPMNOydLn2tEhNhJV7DnYK+0bjoJZ+QTmfucBlihX7aoEsh/ocYtkLC73UbnBXBXIxsULA==
    dependencies:
      jest-diff "^27.0.0"
      pretty-format "^27.0.0"
  
  "@types/lodash@^4.14.168":
    version "4.14.173"
    resolved "https://registry.yarnpkg.com/@types/lodash/-/lodash-4.14.173.tgz#9d3b674c67a26cf673756f6aca7b429f237f91ed"
    integrity sha512-vv0CAYoaEjCw/mLy96GBTnRoZrSxkGE0BKzKimdR8P3OzrNYNvBgtW7p055A+E8C31vXNUhWKoFCbhq7gbyhFg==
  
  "@types/node@*":
    version "16.9.4"
    resolved "https://registry.yarnpkg.com/@types/node/-/node-16.9.4.tgz#a12f0ee7847cf17a97f6fdf1093cb7a9af23cca4"
    integrity sha512-KDazLNYAGIuJugdbULwFZULF9qQ13yNWEBFnfVpqlpgAAo6H/qnM9RjBgh0A0kmHf3XxAKLdN5mTIng9iUvVLA==
  
  "@types/prop-types@*":
    version "15.7.4"
    resolved "https://registry.yarnpkg.com/@types/prop-types/-/prop-types-15.7.4.tgz#fcf7205c25dff795ee79af1e30da2c9790808f11"
    integrity sha512-rZ5drC/jWjrArrS8BR6SIr4cWpW09RNTYt9AMZo3Jwwif+iacXAqgVjm0B0Bv/S1jhDXKHqRVNCbACkJ89RAnQ==
  
  "@types/react-dom@^17.0.5":
    version "17.0.9"
    resolved "https://registry.yarnpkg.com/@types/react-dom/-/react-dom-17.0.9.tgz#441a981da9d7be117042e1a6fd3dac4b30f55add"
    integrity sha512-wIvGxLfgpVDSAMH5utdL9Ngm5Owu0VsGmldro3ORLXV8CShrL8awVj06NuEXFQ5xyaYfdca7Sgbk/50Ri1GdPg==
    dependencies:
      "@types/react" "*"
  
  "@types/react@*":
    version "17.0.22"
    resolved "https://registry.yarnpkg.com/@types/react/-/react-17.0.22.tgz#c80d1d0e87fe953bae3ab273bef451dea1a6291b"
    integrity sha512-kq/BMeaAVLJM6Pynh8C2rnr/drCK+/5ksH0ch9asz+8FW3DscYCIEFtCeYTFeIx/ubvOsMXmRfy7qEJ76gM96A==
    dependencies:
      "@types/prop-types" "*"
      "@types/scheduler" "*"
      csstype "^3.0.2"
  
  "@types/scheduler@*":
    version "0.16.2"
    resolved "https://registry.yarnpkg.com/@types/scheduler/-/scheduler-0.16.2.tgz#1a62f89525723dde24ba1b01b092bf5df8ad4d39"
    integrity sha512-hppQEBDmlwhFAXKJX2KnWLYu5yMfi91yazPb2l+lbJiwW+wdo1gNeRA+3RgNSO39WYX2euey41KEwnqesU2Jew==
  
  "@types/styled-system@^5.1.10":
    version "5.1.13"
    resolved "https://registry.yarnpkg.com/@types/styled-system/-/styled-system-5.1.13.tgz#9ad667534d3bd75720dd7778c94c783449cb5c14"
    integrity sha512-RtpV6zXnnMQNcxKjC06BUM4MUER5o9uZ6b7xAc2OzhWxSsmQ3jXyW8ohuXdEJRKypEe0EqAzbSGx2Im0NXfdKA==
    dependencies:
      csstype "^3.0.2"
  
  "@types/testing-library__jest-dom@^5.9.1":
    version "5.14.1"
    resolved "https://registry.yarnpkg.com/@types/testing-library__jest-dom/-/testing-library__jest-dom-5.14.1.tgz#014162a5cee6571819d48e999980694e2f657c3c"
    integrity sha512-Gk9vaXfbzc5zCXI9eYE9BI5BNHEp4D3FWjgqBE/ePGYElLAP+KvxBcsdkwfIVvezs605oiyd/VrpiHe3Oeg+Aw==
    dependencies:
      "@types/jest" "*"
  
  "@types/yargs-parser@*":
    version "20.2.1"
    resolved "https://registry.yarnpkg.com/@types/yargs-parser/-/yargs-parser-20.2.1.tgz#3b9ce2489919d9e4fea439b76916abc34b2df129"
    integrity sha512-7tFImggNeNBVMsn0vLrpn1H1uPrUBdnARPTpZoitY37ZrdJREzf7I16tMrlK3hen349gr1NYh8CmZQa7CTG6Aw==
  
  "@types/yargs@^15.0.0":
    version "15.0.14"
    resolved "https://registry.yarnpkg.com/@types/yargs/-/yargs-15.0.14.tgz#26d821ddb89e70492160b66d10a0eb6df8f6fb06"
    integrity sha512-yEJzHoxf6SyQGhBhIYGXQDSCkJjB6HohDShto7m8vaKg9Yp0Yn8+71J9eakh2bnPg6BfsH9PRMhiRTZnd4eXGQ==
    dependencies:
      "@types/yargs-parser" "*"
  
  "@types/yargs@^16.0.0":
    version "16.0.4"
    resolved "https://registry.yarnpkg.com/@types/yargs/-/yargs-16.0.4.tgz#26aad98dd2c2a38e421086ea9ad42b9e51642977"
    integrity sha512-T8Yc9wt/5LbJyCaLiHPReJa0kApcIgJ7Bn735GjItUfh08Z1pJvu8QZqb9s+mMvKV6WUQRV7K2R46YbjMXTTJw==
    dependencies:
      "@types/yargs-parser" "*"
  
  ansi-regex@^5.0.0:
    version "5.0.1"
    resolved "https://registry.yarnpkg.com/ansi-regex/-/ansi-regex-5.0.1.tgz#082cb2c89c9fe8659a311a53bd6a4dc5301db304"
    integrity sha512-quJQXlTSUGL2LH9SUXo8VwsY4soanhgo6LNSm84E1LBcE8s3O0wpdiRzyR9z/ZZJMlMWv37qOOb9pdJlMUEKFQ==
  
  ansi-styles@^3.2.1:
    version "3.2.1"
    resolved "https://registry.yarnpkg.com/ansi-styles/-/ansi-styles-3.2.1.tgz#41fbb20243e50b12be0f04b8dedbf07520ce841d"
    integrity sha512-VT0ZI6kZRdTh8YyJw3SMbYm/u+NqfsAxEpWO0Pf9sq8/e94WxxOpPKx9FR1FlyCtOVDNOQ+8ntlqFxiRc+r5qA==
    dependencies:
      color-convert "^1.9.0"
  
  ansi-styles@^4.0.0, ansi-styles@^4.1.0:
    version "4.3.0"
    resolved "https://registry.yarnpkg.com/ansi-styles/-/ansi-styles-4.3.0.tgz#edd803628ae71c04c85ae7a0906edad34b648937"
    integrity sha512-zbB9rCJAT1rbjiVDb2hqKFHNYLxgtk8NURxZ3IZwD3F6NtxbXZQCnnSi1Lkx+IDohdPlFp222wVALIheZJQSEg==
    dependencies:
      color-convert "^2.0.1"
  
  ansi-styles@^5.0.0:
    version "5.2.0"
    resolved "https://registry.yarnpkg.com/ansi-styles/-/ansi-styles-5.2.0.tgz#07449690ad45777d1924ac2abb2fc8895dba836b"
    integrity sha512-Cxwpt2SfTzTtXcfOlzGEee8O+c+MmUgGrNiBcXnuWxuFJHe6a5Hz7qwhwe5OgaSYI0IJvkLqWX1ASG+cJOkEiA==
  
  aria-query@^4.2.2:
    version "4.2.2"
    resolved "https://registry.yarnpkg.com/aria-query/-/aria-query-4.2.2.tgz#0d2ca6c9aceb56b8977e9fed6aed7e15bbd2f83b"
    integrity sha512-o/HelwhuKpTj/frsOsbNLNgnNGVIFsVP/SW2BSF14gVl7kAfMOJ6/8wUAUvG1R1NHKrfG+2sHZTu0yauT1qBrA==
    dependencies:
      "@babel/runtime" "^7.10.2"
      "@babel/runtime-corejs3" "^7.10.2"
  
  atob@^2.1.2:
    version "2.1.2"
    resolved "https://registry.yarnpkg.com/atob/-/atob-2.1.2.tgz#6d9517eb9e030d2436666651e86bd9f6f13533c9"
    integrity sha512-Wm6ukoaOGJi/73p/cl2GvLjTI5JM1k/O14isD73YML8StrH/7/lRFgmg8nICZgD3bZZvjwCGxtMOD3wWNAu8cg==
  
  "babel-plugin-styled-components@>= 1.12.0":
    version "1.13.2"
    resolved "https://registry.yarnpkg.com/babel-plugin-styled-components/-/babel-plugin-styled-components-1.13.2.tgz#ebe0e6deff51d7f93fceda1819e9b96aeb88278d"
    integrity sha512-Vb1R3d4g+MUfPQPVDMCGjm3cDocJEUTR7Xq7QS95JWWeksN1wdFRYpD2kulDgI3Huuaf1CZd+NK4KQmqUFh5dA==
    dependencies:
      "@babel/helper-annotate-as-pure" "^7.0.0"
      "@babel/helper-module-imports" "^7.0.0"
      babel-plugin-syntax-jsx "^6.18.0"
      lodash "^4.17.11"
  
  babel-plugin-syntax-jsx@^6.18.0:
    version "6.18.0"
    resolved "https://registry.yarnpkg.com/babel-plugin-syntax-jsx/-/babel-plugin-syntax-jsx-6.18.0.tgz#0af32a9a6e13ca7a3fd5069e62d7b0f58d0d8946"
    integrity sha1-CvMqmm4Tyno/1QaeYtew9Y0NiUY=
  
  camelize@^1.0.0:
    version "1.0.0"
    resolved "https://registry.yarnpkg.com/camelize/-/camelize-1.0.0.tgz#164a5483e630fa4321e5af07020e531831b2609b"
    integrity sha1-FkpUg+Yw+kMh5a8HAg5TGDGyYJs=
  
  chalk@^2.0.0:
    version "2.4.2"
    resolved "https://registry.yarnpkg.com/chalk/-/chalk-2.4.2.tgz#cd42541677a54333cf541a49108c1432b44c9424"
    integrity sha512-Mti+f9lpJNcwF4tWV8/OrTTtF1gZi+f8FqlyAdouralcFWFQWF2+NgCHShjkCb+IFBLq9buZwE1xckQU4peSuQ==
    dependencies:
      ansi-styles "^3.2.1"
      escape-string-regexp "^1.0.5"
      supports-color "^5.3.0"
  
  chalk@^3.0.0:
    version "3.0.0"
    resolved "https://registry.yarnpkg.com/chalk/-/chalk-3.0.0.tgz#3f73c2bf526591f574cc492c51e2456349f844e4"
    integrity sha512-4D3B6Wf41KOYRFdszmDqMCGq5VV/uMAB273JILmO+3jAlh8X4qDtdtgCR3fxtbLEMzSx22QdhnDcJvu2u1fVwg==
    dependencies:
      ansi-styles "^4.1.0"
      supports-color "^7.1.0"
  
  chalk@^4.0.0, chalk@^4.1.0:
    version "4.1.2"
    resolved "https://registry.yarnpkg.com/chalk/-/chalk-4.1.2.tgz#aac4e2b7734a740867aeb16bf02aad556a1e7a01"
    integrity sha512-oKnbhFyRIXpUuez8iBMmyEa4nbj4IOQyuhc/wy9kY7/WVPcwIO9VA668Pu8RkO7+0G76SLROeyw9CpQ061i4mA==
    dependencies:
      ansi-styles "^4.1.0"
      supports-color "^7.1.0"
  
  color-convert@^1.9.0:
    version "1.9.3"
    resolved "https://registry.yarnpkg.com/color-convert/-/color-convert-1.9.3.tgz#bb71850690e1f136567de629d2d5471deda4c1e8"
    integrity sha512-QfAUtd+vFdAtFQcC8CCyYt1fYWxSqAiK2cSD6zDB8N3cpsEBAvRxp9zOGg6G/SHHJYAT88/az/IuDGALsNVbGg==
    dependencies:
      color-name "1.1.3"
  
  color-convert@^2.0.1:
    version "2.0.1"
    resolved "https://registry.yarnpkg.com/color-convert/-/color-convert-2.0.1.tgz#72d3a68d598c9bdb3af2ad1e84f21d896abd4de3"
    integrity sha512-RRECPsj7iu/xb5oKYcsFHSppFNnsj/52OVTRKb4zP5onXwVF3zVmmToNcOfGC+CRDpfK/U584fMg38ZHCaElKQ==
    dependencies:
      color-name "~1.1.4"
  
  color-name@1.1.3:
    version "1.1.3"
    resolved "https://registry.yarnpkg.com/color-name/-/color-name-1.1.3.tgz#a7d0558bd89c42f795dd42328f740831ca53bc25"
    integrity sha1-p9BVi9icQveV3UIyj3QIMcpTvCU=
  
  color-name@~1.1.4:
    version "1.1.4"
    resolved "https://registry.yarnpkg.com/color-name/-/color-name-1.1.4.tgz#c2a09a87acbde69543de6f63fa3995c826c536a2"
    integrity sha512-dOy+3AuW3a2wNbZHIuMZpTcgjGuLU/uBL/ubcZF9OXbDo8ff4O8yVp5Bf0efS8uEoYo5q4Fx7dY9OgQGXgAsQA==
  
  core-js-pure@^3.16.0:
    version "3.18.0"
    resolved "https://registry.yarnpkg.com/core-js-pure/-/core-js-pure-3.18.0.tgz#e5187347bae66448c9e2d67c01c34c4df3261dc5"
    integrity sha512-ZnK+9vyuMhKulIGqT/7RHGRok8RtkHMEX/BGPHkHx+ouDkq+MUvf9mfIgdqhpmPDu8+V5UtRn/CbCRc9I4lX4w==
  
  css-color-keywords@^1.0.0:
    version "1.0.0"
    resolved "https://registry.yarnpkg.com/css-color-keywords/-/css-color-keywords-1.0.0.tgz#fea2616dc676b2962686b3af8dbdbe180b244e05"
    integrity sha1-/qJhbcZ2spYmhrOvjb2+GAskTgU=
  
  css-to-react-native@^3.0.0:
    version "3.0.0"
    resolved "https://registry.yarnpkg.com/css-to-react-native/-/css-to-react-native-3.0.0.tgz#62dbe678072a824a689bcfee011fc96e02a7d756"
    integrity sha512-Ro1yETZA813eoyUp2GDBhG2j+YggidUmzO1/v9eYBKR2EHVEniE2MI/NqpTQ954BMpTPZFsGNPm46qFB9dpaPQ==
    dependencies:
      camelize "^1.0.0"
      css-color-keywords "^1.0.0"
      postcss-value-parser "^4.0.2"
  
  css.escape@^1.5.1:
    version "1.5.1"
    resolved "https://registry.yarnpkg.com/css.escape/-/css.escape-1.5.1.tgz#42e27d4fa04ae32f931a4b4d4191fa9cddee97cb"
    integrity sha1-QuJ9T6BK4y+TGktNQZH6nN3ul8s=
  
  css@^3.0.0:
    version "3.0.0"
    resolved "https://registry.yarnpkg.com/css/-/css-3.0.0.tgz#4447a4d58fdd03367c516ca9f64ae365cee4aa5d"
    integrity sha512-DG9pFfwOrzc+hawpmqX/dHYHJG+Bsdb0klhyi1sDneOgGOXy9wQIC8hzyVp1e4NRYDBdxcylvywPkkXCHAzTyQ==
    dependencies:
      inherits "^2.0.4"
      source-map "^0.6.1"
      source-map-resolve "^0.6.0"
  
  csstype@^3.0.2:
    version "3.0.9"
    resolved "https://registry.yarnpkg.com/csstype/-/csstype-3.0.9.tgz#6410af31b26bd0520933d02cbc64fce9ce3fbf0b"
    integrity sha512-rpw6JPxK6Rfg1zLOYCSwle2GFOOsnjmDYDaBwEcwoOg4qlsIVCN789VkBZDJAGi4T07gI4YSutR43t9Zz4Lzuw==
  
  debug@^4.1.0:
    version "4.3.2"
    resolved "https://registry.yarnpkg.com/debug/-/debug-4.3.2.tgz#f0a49c18ac8779e31d4a0c6029dfb76873c7428b"
    integrity sha512-mOp8wKcvj7XxC78zLgw/ZA+6TSgkoE2C/ienthhRD298T7UNwAg9diBpLRxC0mOezLl4B0xV7M0cCO6P/O0Xhw==
    dependencies:
      ms "2.1.2"
  
  decode-uri-component@^0.2.0:
    version "0.2.0"
    resolved "https://registry.yarnpkg.com/decode-uri-component/-/decode-uri-component-0.2.0.tgz#eb3913333458775cb84cd1a1fae062106bb87545"
    integrity sha1-6zkTMzRYd1y4TNGh+uBiEGu4dUU=
  
  diff-sequences@^27.0.6:
    version "27.0.6"
    resolved "https://registry.yarnpkg.com/diff-sequences/-/diff-sequences-27.0.6.tgz#3305cb2e55a033924054695cc66019fd7f8e5723"
    integrity sha512-ag6wfpBFyNXZ0p8pcuIDS//D8H062ZQJ3fzYxjpmeKjnz8W4pekL3AI8VohmyZmsWW2PWaHgjsmqR6L13101VQ==
  
  dom-accessibility-api@^0.5.6:
    version "0.5.7"
    resolved "https://registry.yarnpkg.com/dom-accessibility-api/-/dom-accessibility-api-0.5.7.tgz#8c2aa6325968f2933160a0b7dbb380893ddf3e7d"
    integrity sha512-ml3lJIq9YjUfM9TUnEPvEYWFSwivwIGBPKpewX7tii7fwCazA8yCioGdqQcNsItPpfFvSJ3VIdMQPj60LJhcQA==
  
  escape-string-regexp@^1.0.5:
    version "1.0.5"
    resolved "https://registry.yarnpkg.com/escape-string-regexp/-/escape-string-regexp-1.0.5.tgz#1b61c0562190a8dff6ae3bb2cf0200ca130b86d4"
    integrity sha1-G2HAViGQqN/2rjuyzwIAyhMLhtQ=
  
  estree-walker@^1.0.1:
    version "1.0.1"
    resolved "https://registry.yarnpkg.com/estree-walker/-/estree-walker-1.0.1.tgz#31bc5d612c96b704106b477e6dd5d8aa138cb700"
    integrity sha512-1fMXF3YP4pZZVozF8j/ZLfvnR8NSIljt56UhbZ5PeeDmmGHpgpdwQt7ITlGvYaQukCvuBRMLEiKiYC+oeIg4cg==
  
  function-bind@^1.1.1:
    version "1.1.1"
    resolved "https://registry.yarnpkg.com/function-bind/-/function-bind-1.1.1.tgz#a56899d3ea3c9bab874bb9773b7c5ede92f4895d"
    integrity sha512-yIovAzMX49sF8Yl58fSCWJ5svSLuaibPxXQJFLmBObTuCr0Mf1KiPopGM9NiFjiYBCbfaa2Fh6breQ6ANVTI0A==
  
  globals@^11.1.0:
    version "11.12.0"
    resolved "https://registry.yarnpkg.com/globals/-/globals-11.12.0.tgz#ab8795338868a0babd8525758018c2a7eb95c42e"
    integrity sha512-WOBp/EEGUiIsJSp7wcv/y6MO+lV9UoncWqxuFfm8eBwzWNgyfBd6Gz+IeKQ9jCmyhoH99g15M3T+QaVHFjizVA==
  
  has-flag@^3.0.0:
    version "3.0.0"
    resolved "https://registry.yarnpkg.com/has-flag/-/has-flag-3.0.0.tgz#b5d454dc2199ae225699f3467e5a07f3b955bafd"
    integrity sha1-tdRU3CGZriJWmfNGfloH87lVuv0=
  
  has-flag@^4.0.0:
    version "4.0.0"
    resolved "https://registry.yarnpkg.com/has-flag/-/has-flag-4.0.0.tgz#944771fd9c81c81265c4d6941860da06bb59479b"
    integrity sha512-EykJT/Q1KjTWctppgIAgfSO0tKVuZUjhgMr17kqTumMl6Afv3EISleU7qZUzoXDFTAHTDC4NOoG/ZxU3EvlMPQ==
  
  has@^1.0.3:
    version "1.0.3"
    resolved "https://registry.yarnpkg.com/has/-/has-1.0.3.tgz#722d7cbfc1f6aa8241f16dd814e011e1f41e8796"
    integrity sha512-f2dvO0VU6Oej7RkWJGrehjbzMAjFp5/VKPp5tTpWIV4JHHZK1/BxbFRtf/siA2SWTe09caDmVtYYzWEIbBS4zw==
    dependencies:
      function-bind "^1.1.1"
  
  history@^4.9.0:
    version "4.10.1"
    resolved "https://registry.yarnpkg.com/history/-/history-4.10.1.tgz#33371a65e3a83b267434e2b3f3b1b4c58aad4cf3"
    integrity sha512-36nwAD620w12kuzPAsyINPWJqlNbij+hpK1k9XRloDtym8mxzGYl2c17LnV6IAGB2Dmg4tEa7G7DlawS0+qjew==
    dependencies:
      "@babel/runtime" "^7.1.2"
      loose-envify "^1.2.0"
      resolve-pathname "^3.0.0"
      tiny-invariant "^1.0.2"
      tiny-warning "^1.0.0"
      value-equal "^1.0.1"
  
  hoist-non-react-statics@^3.0.0, hoist-non-react-statics@^3.1.0:
    version "3.3.2"
    resolved "https://registry.yarnpkg.com/hoist-non-react-statics/-/hoist-non-react-statics-3.3.2.tgz#ece0acaf71d62c2969c2ec59feff42a4b1a85b45"
    integrity sha512-/gGivxi8JPKWNm/W0jSmzcMPpfpPLc3dY/6GxhX2hQ9iGj3aDfklV4ET7NjKpSinLpJ5vafa9iiGIEZg10SfBw==
    dependencies:
      react-is "^16.7.0"
  
  indent-string@^4.0.0:
    version "4.0.0"
    resolved "https://registry.yarnpkg.com/indent-string/-/indent-string-4.0.0.tgz#624f8f4497d619b2d9768531d58f4122854d7251"
    integrity sha512-EdDDZu4A2OyIK7Lr/2zG+w5jmbuk1DVBnEwREQvBzspBJkCEbRa8GxU1lghYcaGJCnRWibjDXlq779X1/y5xwg==
  
  inherits@^2.0.4:
    version "2.0.4"
    resolved "https://registry.yarnpkg.com/inherits/-/inherits-2.0.4.tgz#0fa2c64f932917c3433a0ded55363aae37416b7c"
    integrity sha512-k/vGaX4/Yla3WzyMCvTQOXYeIHvqOKtnqBduzTHpzpQZzAskKMhZ2K+EnBiSM9zGSoIFeMpXKxa4dYeZIQqewQ==
  
  is-core-module@^2.2.0:
    version "2.6.0"
    resolved "https://registry.yarnpkg.com/is-core-module/-/is-core-module-2.6.0.tgz#d7553b2526fe59b92ba3e40c8df757ec8a709e19"
    integrity sha512-wShG8vs60jKfPWpF2KZRaAtvt3a20OAn7+IJ6hLPECpSABLcKtFKTTI4ZtH5QcBruBHlq+WsdHWyz0BCZW7svQ==
    dependencies:
      has "^1.0.3"
  
  isarray@0.0.1:
    version "0.0.1"
    resolved "https://registry.yarnpkg.com/isarray/-/isarray-0.0.1.tgz#8a18acfca9a8f4177e09abfc6038939b05d1eedf"
    integrity sha1-ihis/Kmo9Bd+Cav8YDiTmwXR7t8=
  
  jest-diff@^27.0.0:
    version "27.2.0"
    resolved "https://registry.yarnpkg.com/jest-diff/-/jest-diff-27.2.0.tgz#bda761c360f751bab1e7a2fe2fc2b0a35ce8518c"
    integrity sha512-QSO9WC6btFYWtRJ3Hac0sRrkspf7B01mGrrQEiCW6TobtViJ9RWL0EmOs/WnBsZDsI/Y2IoSHZA2x6offu0sYw==
    dependencies:
      chalk "^4.0.0"
      diff-sequences "^27.0.6"
      jest-get-type "^27.0.6"
      pretty-format "^27.2.0"
  
  jest-get-type@^27.0.6:
    version "27.0.6"
    resolved "https://registry.yarnpkg.com/jest-get-type/-/jest-get-type-27.0.6.tgz#0eb5c7f755854279ce9b68a9f1a4122f69047cfe"
    integrity sha512-XTkK5exIeUbbveehcSR8w0bhH+c0yloW/Wpl+9vZrjzztCPWrxhHwkIFpZzCt71oRBsgxmuUfxEqOYoZI2macg==
  
  jest-styled-components@^7.0.3:
    version "7.0.5"
    resolved "https://registry.yarnpkg.com/jest-styled-components/-/jest-styled-components-7.0.5.tgz#6da3f1a1c8bd98bccc6bcf9aabfdefdcd88fd92c"
    integrity sha512-ZR/r3IKNkgaaVIOThn0Qis4sNQtA352qHjhbxSHeLS3FDIvHSUSJoI2b3kzk+bHHQ1VOeV630usERtnyhyZh4A==
    dependencies:
      css "^3.0.0"
  
  "js-tokens@^3.0.0 || ^4.0.0", js-tokens@^4.0.0:
    version "4.0.0"
    resolved "https://registry.yarnpkg.com/js-tokens/-/js-tokens-4.0.0.tgz#19203fb59991df98e3a287050d4647cdeaf32499"
    integrity sha512-RdJUflcE3cUzKiMqQgsCu06FPu9UdIJO0beYbPhHN4k6apgJtifcoCtT9bcxOpYBtpD2kCM6Sbzg4CausW/PKQ==
  
  jsesc@^2.5.1:
    version "2.5.2"
    resolved "https://registry.yarnpkg.com/jsesc/-/jsesc-2.5.2.tgz#80564d2e483dacf6e8ef209650a67df3f0c283a4"
    integrity sha512-OYu7XEzjkCQ3C5Ps3QIZsQfNpqoJyZZA99wd9aWd05NCtC5pWOkShK2mkL6HXQR6/Cy2lbNdPlZBpuQHXE63gA==
  
  lodash@^4.17.11, lodash@^4.17.15, lodash@^4.17.20:
    version "4.17.21"
    resolved "https://registry.yarnpkg.com/lodash/-/lodash-4.17.21.tgz#679591c564c3bffaae8454cf0b3df370c3d6911c"
    integrity sha512-v2kDEe57lecTulaDIuNTPy3Ry4gLGJ6Z1O3vE1krgXZNrsQ+LFTGHVxVjcXPs17LhbZVGedAJv8XZ1tvj5FvSg==
  
  loose-envify@^1.0.0, loose-envify@^1.1.0, loose-envify@^1.2.0, loose-envify@^1.3.1, loose-envify@^1.4.0:
    version "1.4.0"
    resolved "https://registry.yarnpkg.com/loose-envify/-/loose-envify-1.4.0.tgz#71ee51fa7be4caec1a63839f7e682d8132d30caf"
    integrity sha512-lyuxPGr/Wfhrlem2CL/UcnUc1zcqKAImBDzukY7Y5F/yQiNdko6+fRLevlw1HgMySw7f611UIY408EtxRSoK3Q==
    dependencies:
      js-tokens "^3.0.0 || ^4.0.0"
  
  lz-string@^1.4.4:
    version "1.4.4"
    resolved "https://registry.yarnpkg.com/lz-string/-/lz-string-1.4.4.tgz#c0d8eaf36059f705796e1e344811cf4c498d3a26"
    integrity sha1-wNjq82BZ9wV5bh40SBHPTEmNOiY=
  
  make-dir@^3.1.0:
    version "3.1.0"
    resolved "https://registry.yarnpkg.com/make-dir/-/make-dir-3.1.0.tgz#415e967046b3a7f1d185277d84aa58203726a13f"
    integrity sha512-g3FeP20LNwhALb/6Cz6Dd4F2ngze0jz7tbzrD2wAV+o9FeNHe4rL+yK2md0J/fiSf1sa1ADhXqi5+oVwOM/eGw==
    dependencies:
      semver "^6.0.0"
  
  mime@^2.4.6:
    version "2.5.2"
    resolved "https://registry.yarnpkg.com/mime/-/mime-2.5.2.tgz#6e3dc6cc2b9510643830e5f19d5cb753da5eeabe"
    integrity sha512-tqkh47FzKeCPD2PUiPB6pkbMzsCasjxAfC62/Wap5qrUWcb+sFasXUC5I3gYM5iBM8v/Qpn4UK0x+j0iHyFPDg==
  
  min-indent@^1.0.0:
    version "1.0.1"
    resolved "https://registry.yarnpkg.com/min-indent/-/min-indent-1.0.1.tgz#a63f681673b30571fbe8bc25686ae746eefa9869"
    integrity sha512-I9jwMn07Sy/IwOj3zVkVik2JTvgpaykDZEigL6Rx6N9LbMywwUSMtxET+7lVoDLLd3O3IXwJwvuuns8UB/HeAg==
  
  mini-create-react-context@^0.4.0:
    version "0.4.1"
    resolved "https://registry.yarnpkg.com/mini-create-react-context/-/mini-create-react-context-0.4.1.tgz#072171561bfdc922da08a60c2197a497cc2d1d5e"
    integrity sha512-YWCYEmd5CQeHGSAKrYvXgmzzkrvssZcuuQDDeqkT+PziKGMgE+0MCCtcKbROzocGBG1meBLl2FotlRwf4gAzbQ==
    dependencies:
      "@babel/runtime" "^7.12.1"
      tiny-warning "^1.0.3"
  
  ms@2.1.2:
    version "2.1.2"
    resolved "https://registry.yarnpkg.com/ms/-/ms-2.1.2.tgz#d09d1f357b443f493382a8eb3ccd183872ae6009"
    integrity sha512-sGkPx+VjMtmA6MX27oA4FBFELFCZZ4S4XqeGOXCv68tT+jb3vk/RyaKWP0PTKyWtmLSM0b+adUTEvbs1PEaH2w==
  
  object-assign@^4.1.1:
    version "4.1.1"
    resolved "https://registry.yarnpkg.com/object-assign/-/object-assign-4.1.1.tgz#2109adc7965887cfc05cbbd442cac8bfbb360863"
    integrity sha1-IQmtx5ZYh8/AXLvUQsrIv7s2CGM=
  
  path-parse@^1.0.6:
    version "1.0.7"
    resolved "https://registry.yarnpkg.com/path-parse/-/path-parse-1.0.7.tgz#fbc114b60ca42b30d9daf5858e4bd68bbedb6735"
    integrity sha512-LDJzPVEEEPR+y48z93A0Ed0yXb8pAByGWo/k5YYdYgpY2/2EsOsksJrq7lOHxryrVOn1ejG6oAp8ahvOIQD8sw==
  
  path-to-regexp@^1.7.0:
    version "1.8.0"
    resolved "https://registry.yarnpkg.com/path-to-regexp/-/path-to-regexp-1.8.0.tgz#887b3ba9d84393e87a0a0b9f4cb756198b53548a"
    integrity sha512-n43JRhlUKUAlibEJhPeir1ncUID16QnEjNpwzNdO3Lm4ywrBpBZ5oLD0I6br9evr1Y9JTqwRtAh7JLoOzAQdVA==
    dependencies:
      isarray "0.0.1"
  
  picomatch@^2.2.2:
    version "2.3.0"
    resolved "https://registry.yarnpkg.com/picomatch/-/picomatch-2.3.0.tgz#f1f061de8f6a4bf022892e2d128234fb98302972"
    integrity sha512-lY1Q/PiJGC2zOv/z391WOTD+Z02bCgsFfvxoXXf6h7kv9o+WmsmzYqrAwY63sNgOxE4xEdq0WyUnXfKeBrSvYw==
  
  postcss-value-parser@^4.0.2:
    version "4.1.0"
    resolved "https://registry.yarnpkg.com/postcss-value-parser/-/postcss-value-parser-4.1.0.tgz#443f6a20ced6481a2bda4fa8532a6e55d789a2cb"
    integrity sha512-97DXOFbQJhk71ne5/Mt6cOu6yxsSfM0QGQyl0L25Gca4yGWEGJaig7l7gbCX623VqTBNGLRLaVUCnNkcedlRSQ==
  
  pretty-format@^26.6.2:
    version "26.6.2"
    resolved "https://registry.yarnpkg.com/pretty-format/-/pretty-format-26.6.2.tgz#e35c2705f14cb7fe2fe94fa078345b444120fc93"
    integrity sha512-7AeGuCYNGmycyQbCqd/3PWH4eOoX/OiCa0uphp57NVTeAGdJGaAliecxwBDHYQCIvrW7aDBZCYeNTP/WX69mkg==
    dependencies:
      "@jest/types" "^26.6.2"
      ansi-regex "^5.0.0"
      ansi-styles "^4.0.0"
      react-is "^17.0.1"
  
  pretty-format@^27.0.0, pretty-format@^27.2.0:
    version "27.2.0"
    resolved "https://registry.yarnpkg.com/pretty-format/-/pretty-format-27.2.0.tgz#ee37a94ce2a79765791a8649ae374d468c18ef19"
    integrity sha512-KyJdmgBkMscLqo8A7K77omgLx5PWPiXJswtTtFV7XgVZv2+qPk6UivpXXO+5k6ZEbWIbLoKdx1pZ6ldINzbwTA==
    dependencies:
      "@jest/types" "^27.1.1"
      ansi-regex "^5.0.0"
      ansi-styles "^5.0.0"
      react-is "^17.0.1"
  
  prop-types@^15.6.2:
    version "15.7.2"
    resolved "https://registry.yarnpkg.com/prop-types/-/prop-types-15.7.2.tgz#52c41e75b8c87e72b9d9360e0206b99dcbffa6c5"
    integrity sha512-8QQikdH7//R2vurIJSutZ1smHYTcLpRWEOlHnzcWHmBYrOGUysKwSsrC89BCiFj3CbrfJ/nXFdJepOVrY1GCHQ==
    dependencies:
      loose-envify "^1.4.0"
      object-assign "^4.1.1"
      react-is "^16.8.1"
  
  react-dom@^17.0.1:
    version "17.0.2"
    resolved "https://registry.yarnpkg.com/react-dom/-/react-dom-17.0.2.tgz#ecffb6845e3ad8dbfcdc498f0d0a939736502c23"
    integrity sha512-s4h96KtLDUQlsENhMn1ar8t2bEa+q/YAtj8pPPdIjPDGBDIVNsrD9aXNWqspUe6AzKCIG0C1HZZLqLV7qpOBGA==
    dependencies:
      loose-envify "^1.1.0"
      object-assign "^4.1.1"
      scheduler "^0.20.2"
  
  react-fast-compare@^3.0.1:
    version "3.2.0"
    resolved "https://registry.yarnpkg.com/react-fast-compare/-/react-fast-compare-3.2.0.tgz#641a9da81b6a6320f270e89724fb45a0b39e43bb"
    integrity sha512-rtGImPZ0YyLrscKI9xTpV8psd6I8VAtjKCzQDlzyDvqJA8XOW78TXYQwNRNd8g8JZnDu8q9Fu/1v4HPAVwVdHA==
  
  react-is@^16.6.0, react-is@^16.7.0, react-is@^16.8.1:
    version "16.13.1"
    resolved "https://registry.yarnpkg.com/react-is/-/react-is-16.13.1.tgz#789729a4dc36de2999dc156dd6c1d9c18cea56a4"
    integrity sha512-24e6ynE2H+OKt4kqsOvNd8kBpV65zoxbA4BVsEOB3ARVWQki/DHzaUoC5KuON/BiccDaCCTZBuOcfZs70kR8bQ==
  
  react-is@^17.0.1:
    version "17.0.2"
    resolved "https://registry.yarnpkg.com/react-is/-/react-is-17.0.2.tgz#e691d4a8e9c789365655539ab372762b0efb54f0"
    integrity sha512-w2GsyukL62IJnlaff/nRegPQR94C/XXamvMWmSHRJ4y7Ts/4ocGRmTHvOs8PSE6pB3dWOrD/nueuU5sduBsQ4w==
  
  react-popper@^2.2.5:
    version "2.2.5"
    resolved "https://registry.yarnpkg.com/react-popper/-/react-popper-2.2.5.tgz#1214ef3cec86330a171671a4fbcbeeb65ee58e96"
    integrity sha512-kxGkS80eQGtLl18+uig1UIf9MKixFSyPxglsgLBxlYnyDf65BiY9B3nZSc6C9XUNDgStROB0fMQlTEz1KxGddw==
    dependencies:
      react-fast-compare "^3.0.1"
      warning "^4.0.2"
  
  react-router-dom@^5.2.0:
    version "5.3.0"
    resolved "https://registry.yarnpkg.com/react-router-dom/-/react-router-dom-5.3.0.tgz#da1bfb535a0e89a712a93b97dd76f47ad1f32363"
    integrity sha512-ObVBLjUZsphUUMVycibxgMdh5jJ1e3o+KpAZBVeHcNQZ4W+uUGGWsokurzlF4YOldQYRQL4y6yFRWM4m3svmuQ==
    dependencies:
      "@babel/runtime" "^7.12.13"
      history "^4.9.0"
      loose-envify "^1.3.1"
      prop-types "^15.6.2"
      react-router "5.2.1"
      tiny-invariant "^1.0.2"
      tiny-warning "^1.0.0"
  
  react-router@5.2.1:
    version "5.2.1"
    resolved "https://registry.yarnpkg.com/react-router/-/react-router-5.2.1.tgz#4d2e4e9d5ae9425091845b8dbc6d9d276239774d"
    integrity sha512-lIboRiOtDLFdg1VTemMwud9vRVuOCZmUIT/7lUoZiSpPODiiH1UQlfXy+vPLC/7IWdFYnhRwAyNqA/+I7wnvKQ==
    dependencies:
      "@babel/runtime" "^7.12.13"
      history "^4.9.0"
      hoist-non-react-statics "^3.1.0"
      loose-envify "^1.3.1"
      mini-create-react-context "^0.4.0"
      path-to-regexp "^1.7.0"
      prop-types "^15.6.2"
      react-is "^16.6.0"
      tiny-invariant "^1.0.2"
      tiny-warning "^1.0.0"
  
  react@^17.0.1:
    version "17.0.2"
    resolved "https://registry.yarnpkg.com/react/-/react-17.0.2.tgz#d0b5cc516d29eb3eee383f75b62864cfb6800037"
    integrity sha512-gnhPt75i/dq/z3/6q/0asP78D0u592D5L1pd7M8P+dck6Fu/jJeL6iVVK23fptSUZj8Vjf++7wXA8UNclGQcbA==
    dependencies:
      loose-envify "^1.1.0"
      object-assign "^4.1.1"
  
  redent@^3.0.0:
    version "3.0.0"
    resolved "https://registry.yarnpkg.com/redent/-/redent-3.0.0.tgz#e557b7998316bb53c9f1f56fa626352c6963059f"
    integrity sha512-6tDA8g98We0zd0GvVeMT9arEOnTw9qM03L9cJXaCjrip1OO764RDBLBfrB4cwzNGDj5OA5ioymC9GkizgWJDUg==
    dependencies:
      indent-string "^4.0.0"
      strip-indent "^3.0.0"
  
  regenerator-runtime@^0.13.4:
    version "0.13.9"
    resolved "https://registry.yarnpkg.com/regenerator-runtime/-/regenerator-runtime-0.13.9.tgz#8925742a98ffd90814988d7566ad30ca3b263b52"
    integrity sha512-p3VT+cOEgxFsRRA9X4lkI1E+k2/CtnKtU4gcxyaCUreilL/vqI6CdZ3wxVUx3UOUg+gnUOQQcRI7BmSI656MYA==
  
  resolve-pathname@^3.0.0:
    version "3.0.0"
    resolved "https://registry.yarnpkg.com/resolve-pathname/-/resolve-pathname-3.0.0.tgz#99d02224d3cf263689becbb393bc560313025dcd"
    integrity sha512-C7rARubxI8bXFNB/hqcp/4iUeIXJhJZvFPFPiSPRnhU5UPxzMFIl+2E6yY6c4k9giDJAhtV+enfA+G89N6Csng==
  
  resolve@^1.17.0:
    version "1.20.0"
    resolved "https://registry.yarnpkg.com/resolve/-/resolve-1.20.0.tgz#629a013fb3f70755d6f0b7935cc1c2c5378b1975"
    integrity sha512-wENBPt4ySzg4ybFQW2TT1zMQucPK95HSh/nq2CFTZVOGut2+pQvSsgtda4d26YrYcr067wjbmzOG8byDPBX63A==
    dependencies:
      is-core-module "^2.2.0"
      path-parse "^1.0.6"
  
  scheduler@^0.20.2:
    version "0.20.2"
    resolved "https://registry.yarnpkg.com/scheduler/-/scheduler-0.20.2.tgz#4baee39436e34aa93b4874bddcbf0fe8b8b50e91"
    integrity sha512-2eWfGgAqqWFGqtdMmcL5zCMK1U8KlXv8SQFGglL3CEtd0aDVDWgeF/YoCmvln55m5zSk3J/20hTaSBeSObsQDQ==
    dependencies:
      loose-envify "^1.1.0"
      object-assign "^4.1.1"
  
  semver@^6.0.0:
    version "6.3.0"
    resolved "https://registry.yarnpkg.com/semver/-/semver-6.3.0.tgz#ee0a64c8af5e8ceea67687b133761e1becbd1d3d"
    integrity sha512-b39TBaTSfV6yBrapU89p5fKekE2m/NwnDocOVruQFS1/veMgdzuPcnOM34M6CwxW8jH/lxEa5rBoDeUwu5HHTw==
  
  shallowequal@^1.1.0:
    version "1.1.0"
    resolved "https://registry.yarnpkg.com/shallowequal/-/shallowequal-1.1.0.tgz#188d521de95b9087404fd4dcb68b13df0ae4e7f8"
    integrity sha512-y0m1JoUZSlPAjXVtPPW70aZWfIL/dSP7AFkRnniLCrK/8MDKog3TySTBmckD+RObVxH0v4Tox67+F14PdED2oQ==
  
  source-map-resolve@^0.6.0:
    version "0.6.0"
    resolved "https://registry.yarnpkg.com/source-map-resolve/-/source-map-resolve-0.6.0.tgz#3d9df87e236b53f16d01e58150fc7711138e5ed2"
    integrity sha512-KXBr9d/fO/bWo97NXsPIAW1bFSBOuCnjbNTBMO7N59hsv5i9yzRDfcYwwt0l04+VqnKC+EwzvJZIP/qkuMgR/w==
    dependencies:
      atob "^2.1.2"
      decode-uri-component "^0.2.0"
  
  source-map@^0.5.0:
    version "0.5.7"
    resolved "https://registry.yarnpkg.com/source-map/-/source-map-0.5.7.tgz#8a039d2d1021d22d1ea14c80d8ea468ba2ef3fcc"
    integrity sha1-igOdLRAh0i0eoUyA2OpGi6LvP8w=
  
  source-map@^0.6.1:
    version "0.6.1"
    resolved "https://registry.yarnpkg.com/source-map/-/source-map-0.6.1.tgz#74722af32e9614e9c287a8d0bbde48b5e2f1a263"
    integrity sha512-UjgapumWlbMhkBgzT7Ykc5YXUT46F0iKu8SGXq0bcwP5dz/h0Plj6enJqjz1Zbq2l5WaqYnrVbwWOWMyF3F47g==
  
  strip-indent@^3.0.0:
    version "3.0.0"
    resolved "https://registry.yarnpkg.com/strip-indent/-/strip-indent-3.0.0.tgz#c32e1cee940b6b3432c771bc2c54bcce73cd3001"
    integrity sha512-laJTa3Jb+VQpaC6DseHhF7dXVqHTfJPCRDaEbid/drOhgitgYku/letMUqOXFoWV0zIIUbjpdH2t+tYj4bQMRQ==
    dependencies:
      min-indent "^1.0.0"
  
  styled-components@^5.2.0:
    version "5.3.1"
    resolved "https://registry.yarnpkg.com/styled-components/-/styled-components-5.3.1.tgz#8a86dcd31bff7049c2ed408bae36fa23f03f071a"
    integrity sha512-JThv2JRzyH0NOIURrk9iskdxMSAAtCfj/b2Sf1WJaCUsloQkblepy1jaCLX/bYE+mhYo3unmwVSI9I5d9ncSiQ==
    dependencies:
      "@babel/helper-module-imports" "^7.0.0"
      "@babel/traverse" "^7.4.5"
      "@emotion/is-prop-valid" "^0.8.8"
      "@emotion/stylis" "^0.8.4"
      "@emotion/unitless" "^0.7.4"
      babel-plugin-styled-components ">= 1.12.0"
      css-to-react-native "^3.0.0"
      hoist-non-react-statics "^3.0.0"
      shallowequal "^1.1.0"
      supports-color "^5.5.0"
  
  styled-system@^5.1.5:
    version "5.1.5"
    resolved "https://registry.yarnpkg.com/styled-system/-/styled-system-5.1.5.tgz#e362d73e1dbb5641a2fd749a6eba1263dc85075e"
    integrity sha512-7VoD0o2R3RKzOzPK0jYrVnS8iJdfkKsQJNiLRDjikOpQVqQHns/DXWaPZOH4tIKkhAT7I6wIsy9FWTWh2X3q+A==
    dependencies:
      "@styled-system/background" "^5.1.2"
      "@styled-system/border" "^5.1.5"
      "@styled-system/color" "^5.1.2"
      "@styled-system/core" "^5.1.2"
      "@styled-system/flexbox" "^5.1.2"
      "@styled-system/grid" "^5.1.2"
      "@styled-system/layout" "^5.1.2"
      "@styled-system/position" "^5.1.2"
      "@styled-system/shadow" "^5.1.2"
      "@styled-system/space" "^5.1.2"
      "@styled-system/typography" "^5.1.2"
      "@styled-system/variant" "^5.1.5"
      object-assign "^4.1.1"
  
  supports-color@^5.3.0, supports-color@^5.5.0:
    version "5.5.0"
    resolved "https://registry.yarnpkg.com/supports-color/-/supports-color-5.5.0.tgz#e2e69a44ac8772f78a1ec0b35b689df6530efc8f"
    integrity sha512-QjVjwdXIt408MIiAqCX4oUKsgU2EqAGzs2Ppkm4aQYbjm+ZEWEcW4SfFNTr4uMNZma0ey4f5lgLrkB0aX0QMow==
    dependencies:
      has-flag "^3.0.0"
  
  supports-color@^7.1.0:
    version "7.2.0"
    resolved "https://registry.yarnpkg.com/supports-color/-/supports-color-7.2.0.tgz#1b7dcdcb32b8138801b3e478ba6a51caa89648da"
    integrity sha512-qpCAvRl9stuOHveKsn7HncJRvv501qIacKzQlO/+Lwxc9+0q2wLyv4Dfvt80/DPn2pqOBsJdDiogXGR9+OvwRw==
    dependencies:
      has-flag "^4.0.0"
  
  tiny-invariant@^1.0.2:
    version "1.1.0"
    resolved "https://registry.yarnpkg.com/tiny-invariant/-/tiny-invariant-1.1.0.tgz#634c5f8efdc27714b7f386c35e6760991d230875"
    integrity sha512-ytxQvrb1cPc9WBEI/HSeYYoGD0kWnGEOR8RY6KomWLBVhqz0RgTwVO9dLrGz7dC+nN9llyI7OKAgRq8Vq4ZBSw==
  
  tiny-warning@^1.0.0, tiny-warning@^1.0.3:
    version "1.0.3"
    resolved "https://registry.yarnpkg.com/tiny-warning/-/tiny-warning-1.0.3.tgz#94a30db453df4c643d0fd566060d60a875d84754"
    integrity sha512-lBN9zLN/oAf68o3zNXYrdCt1kP8WsiGW8Oo2ka41b2IM5JL/S1CTyX1rW0mb/zSuJun0ZUrDxx4sqvYS2FWzPA==
  
  to-fast-properties@^2.0.0:
    version "2.0.0"
    resolved "https://registry.yarnpkg.com/to-fast-properties/-/to-fast-properties-2.0.0.tgz#dc5e698cbd079265bc73e0377681a4e4e83f616e"
    integrity sha1-3F5pjL0HkmW8c+A3doGk5Og/YW4=
  
  typescript@^4.4.3:
    version "4.4.3"
    resolved "https://registry.yarnpkg.com/typescript/-/typescript-4.4.3.tgz#bdc5407caa2b109efd4f82fe130656f977a29324"
    integrity sha512-4xfscpisVgqqDfPaJo5vkd+Qd/ItkoagnHpufr+i2QCHBsNYp+G7UAoyFl8aPtx879u38wPV65rZ8qbGZijalA==
  
  value-equal@^1.0.1:
    version "1.0.1"
    resolved "https://registry.yarnpkg.com/value-equal/-/value-equal-1.0.1.tgz#1e0b794c734c5c0cade179c437d356d931a34d6c"
    integrity sha512-NOJ6JZCAWr0zlxZt+xqCHNTEKOsrks2HQd4MqhP1qy4z1SkbEP467eNx6TgDKXMvUOb+OENfJCZwM+16n7fRfw==
  
  warning@^4.0.2:
    version "4.0.3"
    resolved "https://registry.yarnpkg.com/warning/-/warning-4.0.3.tgz#16e9e077eb8a86d6af7d64aa1e05fd85b4678ca3"
    integrity sha512-rpJyN222KWIvHJ/F53XSZv0Zl/accqHR8et1kpaMTD/fLCRxtV8iX8czMzY7sVZupTI3zcUTg8eycS2kNF9l6w==
    dependencies:
      loose-envify "^1.0.0"
